<?xml version="1.0" encoding="UTF-8"?>
<!-- Generated by org.testng.reporters.JUnitXMLReporter -->
<testsuite hostname="D1MD20285" name="Test1" tests="1" failures="1" timestamp="9 Nov 2017 13:38:37 GMT" time="13.395" errors="0">
  <testcase name="tC1_RegisterToTheSite" time="13.291" classname="com.newtours.testcases.TC1_RegisterToTheSite">
    <failure type="java.lang.AssertionError" message="expected [FAIL] but found [PASS]">
      <![CDATA[java.lang.AssertionError: expected [FAIL] but found [PASS]
	at com.newtour.utilities.VerifyResults.f_isPASS(VerifyResults.java:22)
	at com.newtours.testcases.TC1_RegisterToTheSite.tC1_RegisterToTheSite(TC1_RegisterToTheSite.java:52)
... Removed 29 stack frames]]>
    </failure>
  </testcase> <!-- tC1_RegisterToTheSite -->
</testsuite> <!-- Test1 -->
