<?xml version="1.0" encoding="UTF-8"?>
<!-- Generated by org.testng.reporters.JUnitXMLReporter -->
<testsuite hostname="D1MD20285" name="Test3" tests="1" failures="1" timestamp="14 Dec 2017 11:36:34 GMT" time="65.807" errors="0">
  <testcase name="tC3_ProfileEdit" time="65.175" classname="com.newtours.testcases.TC3_ProfileEdit">
    <failure type="java.lang.AssertionError" message="expected [FAIL] but found [PASS]">
      <![CDATA[java.lang.AssertionError: expected [FAIL] but found [PASS]
	at com.newtour.utilities.VerifyResults.f_isPASS(VerifyResults.java:22)
	at com.newtours.testcases.TC3_ProfileEdit.tC3_ProfileEdit(TC3_ProfileEdit.java:102)
... Removed 29 stack frames]]>
    </failure>
  </testcase> <!-- tC3_ProfileEdit -->
</testsuite> <!-- Test3 -->
